This is XeTeX, Version 3.14159265-2.6-0.99998 (MiKTeX 2.9.6350 64-bit) (preloaded format=xelatex 2017.10.25)  8 JAN 2018 19:52
entering extended mode
**./thesis-template-chapter2.tex
(thesis-template-chapter2.tex
LaTeX2e <2017-04-15>
Babel <3.10> and hyphenation patterns for 75 language(s) loaded.
! Undefined control sequence.
l.1  \chapter
             {–†–∞–∑—Ä–∞–±–æ—Ç–∫–∞ –º–æ–¥–µ–ª–µ–π –∏ –∞–ª–≥–æ—Ä–∏—Ç–º–æ–≤ }
The control sequence at the end of the top line
of your error message was never \def'ed. If you have
misspelled it (e.g., `\hobx'), type `I' and the correct
spelling (e.g., `I\hbox'). Otherwise just continue,
and I'll forget about whatever was undefined.


! LaTeX Error: Missing \begin{document}.

See the LaTeX manual or LaTeX Companion for explanation.
Type  H <return>  for immediate help.
 ...                                              
                                                  
l.1  \chapter{–†
                –∞–∑—Ä–∞–±–æ—Ç–∫–∞ –º–æ–¥–µ–ª–µ–π –∏ –∞–ª–≥–æ—Ä–∏—Ç–º–æ–≤ }
You're in trouble here.  Try typing  <return>  to proceed.
If that doesn't work, type  X <return>  to quit.

Missing character: There is no –† in font nullfont!
Missing character: There is no –∞ in font nullfont!
Missing character: There is no –∑ in font nullfont!
Missing character: There is no —Ä in font nullfont!
Missing character: There is no –∞ in font nullfont!
Missing character: There is no –± in font nullfont!
Missing character: There is no –æ in font nullfont!
Missing character: There is no —Ç in font nullfont!
Missing character: There is no –∫ in font nullfont!
Missing character: There is no –∞ in font nullfont!
Missing character: There is no –º in font nullfont!
Missing character: There is no –æ in font nullfont!
Missing character: There is no –¥ in font nullfont!
Missing character: There is no –µ in font nullfont!
Missing character: There is no –ª in font nullfont!
Missing character: There is no –µ in font nullfont!
Missing character: There is no –π in font nullfont!
Missing character: There is no –∏ in font nullfont!
Missing character: There is no –∞ in font nullfont!
Missing character: There is no –ª in font nullfont!
Missing character: There is no –≥ in font nullfont!
Missing character: There is no –æ in font nullfont!
Missing character: There is no —Ä in font nullfont!
Missing character: There is no –∏ in font nullfont!
Missing character: There is no —Ç in font nullfont!
Missing character: There is no –º in font nullfont!
Missing character: There is no –æ in font nullfont!
Missing character: There is no –≤ in font nullfont!

Overfull \hbox (20.0pt too wide) in paragraph at lines 1--2
[]
 []


! LaTeX Error: Missing \begin{document}.

See the LaTeX manual or LaTeX Companion for explanation.
Type  H <return>  for immediate help.
 ...                                              
                                                  
l.3 –ë
      —É–ª–µ–≤–∞ —Ñ—É–Ω–∫—Ü–∏—è --- —Ñ—É–Ω–∫—Ü–∏—è –≤–∏–¥–∞ $B^{n} \rightarr...
You're in trouble here.  Try typing  <return>  to proceed.
If that doesn't work, type  X <return>  to quit.

Missing character: There is no –ë in font nullfont!
Missing character: There is no —É in font nullfont!
Missing character: There is no –ª in font nullfont!
Missing character: There is no –µ in font nullfont!
Missing character: There is no –≤ in font nullfont!
Missing character: There is no –∞ in font nullfont!
Missing character: There is no —Ñ in font nullfont!
Missing character: There is no —É in font nullfont!
Missing character: There is no –Ω in font nullfont!
Missing character: There is no –∫ in font nullfont!
Missing character: There is no —Ü in font nullfont!
Missing character: There is no –∏ in font nullfont!
Missing character: There is no —è in font nullfont!
Missing character: There is no - in font nullfont!
Missing character: There is no - in font nullfont!
Missing character: There is no - in font nullfont!
Missing character: There is no —Ñ in font nullfont!
Missing character: There is no —É in font nullfont!
Missing character: There is no –Ω in font nullfont!
Missing character: There is no –∫ in font nullfont!
Missing character: There is no —Ü in font nullfont!
Missing character: There is no –∏ in font nullfont!
Missing character: There is no —è in font nullfont!
Missing character: There is no –≤ in font nullfont!
Missing character: There is no –∏ in font nullfont!
Missing character: There is no –¥ in font nullfont!
Missing character: There is no –∞ in font nullfont!
LaTeX Font Info:    External font `cmex10' loaded for size
(Font)              <7> on input line 3.
LaTeX Font Info:    External font `cmex10' loaded for size
(Font)              <5> on input line 3.
Missing character: There is no , in font nullfont!
Missing character: There is no –≥ in font nullfont!
Missing character: There is no –¥ in font nullfont!
Missing character: There is no –µ in font nullfont!
Missing character: There is no . in font nullfont!
Missing character: There is no –° in font nullfont!
Missing character: There is no –∏ in font nullfont!
Missing character: There is no —Å in font nullfont!
Missing character: There is no —Ç in font nullfont!
Missing character: There is no –µ in font nullfont!
Missing character: There is no –º in font nullfont!
Missing character: There is no —É in font nullfont!
Missing character: There is no –± in font nullfont!
Missing character: There is no —É in font nullfont!
Missing character: There is no –ª in font nullfont!
Missing character: There is no –µ in font nullfont!
Missing character: There is no –≤ in font nullfont!
Missing character: There is no —ã in font nullfont!
Missing character: There is no —Ö in font nullfont!
Missing character: There is no —Ñ in font nullfont!
Missing character: There is no —É in font nullfont!
Missing character: There is no –Ω in font nullfont!
Missing character: There is no –∫ in font nullfont!
Missing character: There is no —Ü in font nullfont!
Missing character: There is no –∏ in font nullfont!
Missing character: There is no –π in font nullfont!
Missing character: There is no –Ω in font nullfont!
Missing character: There is no –∞ in font nullfont!
Missing character: There is no –∑ in font nullfont!
Missing character: There is no —ã in font nullfont!
Missing character: There is no –≤ in font nullfont!
Missing character: There is no –∞ in font nullfont!
Missing character: There is no —é in font nullfont!
Missing character: There is no —Ç in font nullfont!
Missing character: There is no —Ñ in font nullfont!
Missing character: There is no —É in font nullfont!
Missing character: There is no –Ω in font nullfont!
Missing character: There is no –∫ in font nullfont!
Missing character: There is no —Ü in font nullfont!
Missing character: There is no –∏ in font nullfont!
Missing character: There is no –æ in font nullfont!
Missing character: There is no –Ω in font nullfont!
Missing character: There is no –∞ in font nullfont!
Missing character: There is no –ª in font nullfont!
Missing character: There is no —å in font nullfont!
Missing character: There is no –Ω in font nullfont!
Missing character: There is no –æ in font nullfont!
Missing character: There is no –ø in font nullfont!
Missing character: There is no –æ in font nullfont!
Missing character: There is no –ª in font nullfont!
Missing character: There is no –Ω in font nullfont!
Missing character: There is no –æ in font nullfont!
Missing character: There is no –π in font nullfont!
Missing character: There is no , in font nullfont!
Missing character: There is no –µ in font nullfont!
Missing character: There is no —Å in font nullfont!
Missing character: There is no –ª in font nullfont!
Missing character: There is no –∏ in font nullfont!
Missing character: There is no –∏ in font nullfont!
Missing character: There is no –∑ in font nullfont!
Missing character: There is no –µ in font nullfont!
Missing character: There is no –µ in font nullfont!
Missing character: There is no –Ω in font nullfont!
Missing character: There is no –∞ in font nullfont!
Missing character: There is no –± in font nullfont!
Missing character: There is no –æ in font nullfont!
Missing character: There is no —Ä in font nullfont!
Missing character: There is no –∞ in font nullfont!
Missing character: There is no —Ñ in font nullfont!
Missing character: There is no —É in font nullfont!
Missing character: There is no –Ω in font nullfont!
Missing character: There is no –∫ in font nullfont!
Missing character: There is no —Ü in font nullfont!
Missing character: There is no –∏ in font nullfont!
Missing character: There is no –π in font nullfont!
Missing character: There is no –º in font nullfont!
Missing character: There is no –æ in font nullfont!
Missing character: There is no –∂ in font nullfont!
Missing character: There is no –Ω in font nullfont!
Missing character: There is no –æ in font nullfont!
Missing character: There is no –ø in font nullfont!
Missing character: There is no —Ä in font nullfont!
Missing character: There is no –µ in font nullfont!
Missing character: There is no –¥ in font nullfont!
Missing character: There is no —Å in font nullfont!
Missing character: There is no —Ç in font nullfont!
Missing character: There is no –∞ in font nullfont!
Missing character: There is no –≤ in font nullfont!
Missing character: There is no –∏ in font nullfont!
Missing character: There is no —Ç in font nullfont!
Missing character: There is no —å in font nullfont!
Missing character: There is no –ª in font nullfont!
Missing character: There is no —é in font nullfont!
Missing character: There is no –± in font nullfont!
Missing character: There is no —É in font nullfont!
Missing character: There is no —é in font nullfont!
Missing character: There is no –± in font nullfont!
Missing character: There is no —É in font nullfont!
Missing character: There is no –ª in font nullfont!
Missing character: There is no –µ in font nullfont!
Missing character: There is no –≤ in font nullfont!
Missing character: There is no —É in font nullfont!
Missing character: There is no —Ñ in font nullfont!
Missing character: There is no —É in font nullfont!
Missing character: There is no –Ω in font nullfont!
Missing character: There is no –∫ in font nullfont!
Missing character: There is no —Ü in font nullfont!
Missing character: There is no –∏ in font nullfont!
Missing character: There is no —é in font nullfont!
Missing character: There is no . in font nullfont!
Missing character: There is no –¢ in font nullfont!
Missing character: There is no –µ in font nullfont!
Missing character: There is no –æ in font nullfont!
Missing character: There is no —Ä in font nullfont!
Missing character: There is no –µ in font nullfont!
Missing character: There is no –º in font nullfont!
Missing character: There is no –∞ in font nullfont!
Missing character: There is no ( in font nullfont!
Missing character: There is no –∫ in font nullfont!
Missing character: There is no —Ä in font nullfont!
Missing character: There is no –∏ in font nullfont!
Missing character: There is no —Ç in font nullfont!
Missing character: There is no –µ in font nullfont!
Missing character: There is no —Ä in font nullfont!
Missing character: There is no –∏ in font nullfont!
Missing character: There is no –π in font nullfont!
Missing character: There is no ) in font nullfont!
Missing character: There is no –ü in font nullfont!
Missing character: There is no –æ in font nullfont!
Missing character: There is no —Å in font nullfont!
Missing character: There is no —Ç in font nullfont!
Missing character: There is no –∞ in font nullfont!
Missing character: There is no –ø in font nullfont!
Missing character: There is no –æ in font nullfont!
Missing character: There is no –∑ in font nullfont!
Missing character: There is no –≤ in font nullfont!
Missing character: There is no –æ in font nullfont!
Missing character: There is no –ª in font nullfont!
Missing character: There is no —è in font nullfont!
Missing character: There is no –µ in font nullfont!
Missing character: There is no —Ç in font nullfont!
Missing character: There is no –ø in font nullfont!
Missing character: There is no —Ä in font nullfont!
Missing character: There is no –æ in font nullfont!
Missing character: There is no –≤ in font nullfont!
Missing character: There is no –µ in font nullfont!
Missing character: There is no —Ä in font nullfont!
Missing character: There is no –∏ in font nullfont!
Missing character: There is no —Ç in font nullfont!
Missing character: There is no —å in font nullfont!
Missing character: There is no —è in font nullfont!
Missing character: There is no –≤ in font nullfont!
Missing character: There is no –ª in font nullfont!
Missing character: There is no —è in font nullfont!
Missing character: There is no –µ in font nullfont!
Missing character: There is no —Ç in font nullfont!
Missing character: There is no —Å in font nullfont!
Missing character: There is no —è in font nullfont!
Missing character: There is no –ª in font nullfont!
Missing character: There is no –∏ in font nullfont!
Missing character: There is no —Å in font nullfont!
Missing character: There is no –∏ in font nullfont!
Missing character: There is no —Å in font nullfont!
Missing character: There is no —Ç in font nullfont!
Missing character: There is no –µ in font nullfont!
Missing character: There is no –º in font nullfont!
Missing character: There is no –∞ in font nullfont!
Missing character: There is no —Ñ in font nullfont!
Missing character: There is no —É in font nullfont!
Missing character: There is no –Ω in font nullfont!
Missing character: There is no –∫ in font nullfont!
Missing character: There is no —Ü in font nullfont!
Missing character: There is no –∏ in font nullfont!
Missing character: There is no –π in font nullfont!
Missing character: There is no –ø in font nullfont!
Missing character: There is no –æ in font nullfont!
Missing character: There is no –ª in font nullfont!
Missing character: There is no –Ω in font nullfont!
Missing character: There is no –æ in font nullfont!
Missing character: There is no –π in font nullfont!
Missing character: There is no . in font nullfont!
Missing character: There is no –ò in font nullfont!
Missing character: There is no –¥ in font nullfont!
Missing character: There is no –µ in font nullfont!
Missing character: There is no —è in font nullfont!
Missing character: There is no —Ç in font nullfont!
Missing character: There is no –µ in font nullfont!
Missing character: There is no –æ in font nullfont!
Missing character: There is no —Ä in font nullfont!
Missing character: There is no –µ in font nullfont!
Missing character: There is no –º in font nullfont!
Missing character: There is no —ã in font nullfont!
Missing character: There is no —Å in font nullfont!
Missing character: There is no –æ in font nullfont!
Missing character: There is no —Å in font nullfont!
Missing character: There is no —Ç in font nullfont!
Missing character: There is no –æ in font nullfont!
Missing character: There is no –∏ in font nullfont!
Missing character: There is no —Ç in font nullfont!
Missing character: There is no –≤ in font nullfont!
Missing character: There is no —Ç in font nullfont!
Missing character: There is no –æ in font nullfont!
Missing character: There is no –º in font nullfont!
Missing character: There is no , in font nullfont!
Missing character: There is no —á in font nullfont!
Missing character: There is no —Ç in font nullfont!
Missing character: There is no –æ in font nullfont!
Missing character: There is no –± in font nullfont!
Missing character: There is no —ã in font nullfont!
Missing character: There is no —Ä in font nullfont!
Missing character: There is no –∞ in font nullfont!
Missing character: There is no —Å in font nullfont!
Missing character: There is no —Å in font nullfont!
Missing character: There is no –º in font nullfont!
Missing character: There is no –∞ in font nullfont!
Missing character: There is no —Ç in font nullfont!
Missing character: There is no —Ä in font nullfont!
Missing character: There is no –∏ in font nullfont!
Missing character: There is no –≤ in font nullfont!
Missing character: There is no –∞ in font nullfont!
Missing character: There is no —Ç in font nullfont!
Missing character: There is no —å in font nullfont!
Missing character: There is no –º in font nullfont!
Missing character: There is no –Ω in font nullfont!
Missing character: There is no –æ in font nullfont!
Missing character: There is no –∂ in font nullfont!
Missing character: There is no –µ in font nullfont!
Missing character: There is no —Å in font nullfont!
Missing character: There is no —Ç in font nullfont!
Missing character: There is no –≤ in font nullfont!
Missing character: There is no –æ in font nullfont!
Missing character: There is no –≤ in font nullfont!
Missing character: There is no —Å in font nullfont!
Missing character: There is no –µ in font nullfont!
Missing character: There is no —Ö in font nullfont!
Missing character: There is no –± in font nullfont!
Missing character: There is no —É in font nullfont!
Missing character: There is no –ª in font nullfont!
Missing character: There is no –µ in font nullfont!
Missing character: There is no –≤ in font nullfont!
Missing character: There is no —ã in font nullfont!
Missing character: There is no —Ö in font nullfont!
Missing character: There is no —Ñ in font nullfont!
Missing character: There is no —É in font nullfont!
Missing character: There is no –Ω in font nullfont!
Missing character: There is no –∫ in font nullfont!
Missing character: There is no —Ü in font nullfont!
Missing character: There is no –∏ in font nullfont!
Missing character: There is no –π in font nullfont!
Missing character: There is no P in font nullfont!
Missing character: There is no A in font nullfont!
Missing character: There is no –∫ in font nullfont!
Missing character: There is no –∞ in font nullfont!
Missing character: There is no –∫ in font nullfont!
Missing character: There is no –∞ in font nullfont!
Missing character: There is no –ª in font nullfont!
Missing character: There is no –≥ in font nullfont!
Missing character: There is no –µ in font nullfont!
Missing character: There is no –± in font nullfont!
Missing character: There is no —Ä in font nullfont!
Missing character: There is no —É in font nullfont!
Missing character: There is no –æ in font nullfont!
Missing character: There is no —Ç in font nullfont!
Missing character: There is no –Ω in font nullfont!
Missing character: There is no –æ in font nullfont!
Missing character: There is no —Å in font nullfont!
Missing character: There is no –∏ in font nullfont!
Missing character: There is no —Ç in font nullfont!
Missing character: There is no –µ in font nullfont!
Missing character: There is no –ª in font nullfont!
Missing character: There is no —å in font nullfont!
Missing character: There is no –Ω in font nullfont!
Missing character: There is no –æ in font nullfont!
Missing character: There is no –æ in font nullfont!
Missing character: There is no –ø in font nullfont!
Missing character: There is no –µ in font nullfont!
Missing character: There is no —Ä in font nullfont!
Missing character: There is no –∞ in font nullfont!
Missing character: There is no —Ü in font nullfont!
Missing character: There is no –∏ in font nullfont!
Missing character: There is no –∏ in font nullfont!
Missing character: There is no —Å in font nullfont!
Missing character: There is no —É in font nullfont!
Missing character: There is no –ø in font nullfont!
Missing character: There is no –µ in font nullfont!
Missing character: There is no —Ä in font nullfont!
Missing character: There is no –ø in font nullfont!
Missing character: There is no –æ in font nullfont!
Missing character: There is no –∑ in font nullfont!
Missing character: There is no –∏ in font nullfont!
Missing character: There is no —Ü in font nullfont!
Missing character: There is no –∏ in font nullfont!
Missing character: There is no –∏ in font nullfont!
Missing character: There is no . in font nullfont!
Missing character: There is no –î in font nullfont!
Missing character: There is no –∞ in font nullfont!
Missing character: There is no –Ω in font nullfont!
Missing character: There is no –Ω in font nullfont!
Missing character: There is no –∞ in font nullfont!
Missing character: There is no —è in font nullfont!
Missing character: There is no –∞ in font nullfont!
Missing character: There is no –ª in font nullfont!
Missing character: There is no –≥ in font nullfont!
Missing character: There is no –µ in font nullfont!
Missing character: There is no –± in font nullfont!
Missing character: There is no —Ä in font nullfont!
Missing character: There is no –∞ in font nullfont!
Missing character: There is no –Ω in font nullfont!
Missing character: There is no –∞ in font nullfont!
Missing character: There is no –∑ in font nullfont!
Missing character: There is no —ã in font nullfont!
Missing character: There is no –≤ in font nullfont!
Missing character: There is no –∞ in font nullfont!
Missing character: There is no –µ in font nullfont!
Missing character: There is no —Ç in font nullfont!
Missing character: There is no —Å in font nullfont!
Missing character: There is no —è in font nullfont!
Missing character: There is no –∞ in font nullfont!
Missing character: There is no –ª in font nullfont!
Missing character: There is no –≥ in font nullfont!
Missing character: There is no –µ in font nullfont!
Missing character: There is no –± in font nullfont!
Missing character: There is no —Ä in font nullfont!
Missing character: There is no –æ in font nullfont!
Missing character: There is no –π in font nullfont!
Missing character: There is no –ü in font nullfont!
Missing character: There is no –æ in font nullfont!
Missing character: There is no —Å in font nullfont!
Missing character: There is no —Ç in font nullfont!
Missing character: There is no –∞ in font nullfont!
Missing character: There is no . in font nullfont!
Missing character: There is no –≠ in font nullfont!
Missing character: There is no —Ç in font nullfont!
Missing character: There is no –∞ in font nullfont!
Missing character: There is no –∞ in font nullfont!
Missing character: There is no –ª in font nullfont!
Missing character: There is no –≥ in font nullfont!
Missing character: There is no –µ in font nullfont!
Missing character: There is no –± in font nullfont!
Missing character: There is no —Ä in font nullfont!
Missing character: There is no –∞ in font nullfont!
Missing character: There is no —Å in font nullfont!
Missing character: There is no –æ in font nullfont!
Missing character: There is no –¥ in font nullfont!
Missing character: There is no –µ in font nullfont!
Missing character: There is no —Ä in font nullfont!
Missing character: There is no –∂ in font nullfont!
Missing character: There is no –∏ in font nullfont!
Missing character: There is no —Ç in font nullfont!
Missing character: There is no –≤ in font nullfont!
Missing character: There is no –∫ in font nullfont!
Missing character: There is no –∞ in font nullfont!
Missing character: There is no —á in font nullfont!
Missing character: There is no –µ in font nullfont!
Missing character: There is no —Å in font nullfont!
Missing character: There is no —Ç in font nullfont!
Missing character: There is no –≤ in font nullfont!
Missing character: There is no –µ in font nullfont!
Missing character: There is no —Å in font nullfont!
Missing character: There is no –≤ in font nullfont!
Missing character: There is no –æ in font nullfont!
Missing character: There is no –∏ in font nullfont!
Missing character: There is no —Ö in font nullfont!
Missing character: There is no –ø in font nullfont!
Missing character: There is no –æ in font nullfont!
Missing character: There is no –¥ in font nullfont!
Missing character: There is no –∞ in font nullfont!
Missing character: There is no –ª in font nullfont!
Missing character: There is no –≥ in font nullfont!
Missing character: There is no –µ in font nullfont!
Missing character: There is no –± in font nullfont!
Missing character: There is no —Ä in font nullfont!
Missing character: There is no –º in font nullfont!
Missing character: There is no –Ω in font nullfont!
Missing character: There is no –æ in font nullfont!
Missing character: There is no –∂ in font nullfont!
Missing character: There is no –µ in font nullfont!
Missing character: There is no —Å in font nullfont!
Missing character: There is no —Ç in font nullfont!
Missing character: There is no –≤ in font nullfont!
Missing character: There is no –∞ in font nullfont!
Missing character: There is no —Ñ in font nullfont!
Missing character: There is no —É in font nullfont!
Missing character: There is no –Ω in font nullfont!
Missing character: There is no –∫ in font nullfont!
Missing character: There is no —Ü in font nullfont!
Missing character: There is no –∏ in font nullfont!
Missing character: There is no –π in font nullfont!
Missing character: There is no , in font nullfont!
Missing character: There is no –∑ in font nullfont!
Missing character: There is no –∞ in font nullfont!
Missing character: There is no –º in font nullfont!
Missing character: There is no –∫ in font nullfont!
Missing character: There is no –Ω in font nullfont!
Missing character: There is no —É in font nullfont!
Missing character: There is no —Ç in font nullfont!
Missing character: There is no —ã in font nullfont!
Missing character: There is no —Ö in font nullfont!
Missing character: There is no –æ in font nullfont!
Missing character: There is no —Ç in font nullfont!
Missing character: There is no –Ω in font nullfont!
Missing character: There is no –æ in font nullfont!
Missing character: There is no —Å in font nullfont!
Missing character: There is no –∏ in font nullfont!
Missing character: There is no —Ç in font nullfont!
Missing character: There is no –µ in font nullfont!
Missing character: There is no –ª in font nullfont!
Missing character: There is no —å in font nullfont!
Missing character: There is no –Ω in font nullfont!
Missing character: There is no –æ in font nullfont!
Missing character: There is no —Å in font nullfont!
Missing character: There is no —É in font nullfont!
Missing character: There is no –ø in font nullfont!
Missing character: There is no –µ in font nullfont!
Missing character: There is no —Ä in font nullfont!
Missing character: There is no –ø in font nullfont!
Missing character: There is no –æ in font nullfont!
Missing character: There is no –∑ in font nullfont!
Missing character: There is no –∏ in font nullfont!
Missing character: There is no —Ü in font nullfont!
Missing character: There is no –∏ in font nullfont!
Missing character: There is no –∏ in font nullfont!
Missing character: There is no . in font nullfont!
Missing character: There is no –ò in font nullfont!
Missing character: There is no —Ö in font nullfont!
Missing character: There is no –Ω in font nullfont!
Missing character: There is no –∞ in font nullfont!
Missing character: There is no –∑ in font nullfont!
Missing character: There is no —ã in font nullfont!
Missing character: There is no –≤ in font nullfont!
Missing character: There is no –∞ in font nullfont!
Missing character: There is no —é in font nullfont!
Missing character: There is no —Ç in font nullfont!
Missing character: There is no –µ in font nullfont!
Missing character: There is no —â in font nullfont!
Missing character: There is no —ë in font nullfont!
Missing character: There is no –∑ in font nullfont!
Missing character: There is no –∞ in font nullfont!
Missing character: There is no –º in font nullfont!
Missing character: There is no –∫ in font nullfont!
Missing character: There is no –Ω in font nullfont!
Missing character: There is no —É in font nullfont!
Missing character: There is no —Ç in font nullfont!
Missing character: There is no —ã in font nullfont!
Missing character: There is no –º in font nullfont!
Missing character: There is no –∏ in font nullfont!
Missing character: There is no –∫ in font nullfont!
Missing character: There is no –ª in font nullfont!
Missing character: There is no –∞ in font nullfont!
Missing character: There is no —Å in font nullfont!
Missing character: There is no —Å in font nullfont!
Missing character: There is no –∞ in font nullfont!
Missing character: There is no –º in font nullfont!
Missing character: There is no –∏ in font nullfont!
Missing character: There is no . in font nullfont!
Missing character: There is no –ò in font nullfont!
Missing character: There is no —Ö in font nullfont!
Missing character: There is no –Ω in font nullfont!
Missing character: There is no –∞ in font nullfont!
Missing character: There is no –∑ in font nullfont!
Missing character: There is no —ã in font nullfont!
Missing character: There is no –≤ in font nullfont!
Missing character: There is no –∞ in font nullfont!
Missing character: There is no —é in font nullfont!
Missing character: There is no —Ç in font nullfont!
Missing character: There is no –µ in font nullfont!
Missing character: There is no —â in font nullfont!
Missing character: There is no —ë in font nullfont!
Missing character: There is no –∑ in font nullfont!
Missing character: There is no –∞ in font nullfont!
Missing character: There is no –º in font nullfont!
Missing character: There is no –∫ in font nullfont!
Missing character: There is no –Ω in font nullfont!
Missing character: There is no —É in font nullfont!
Missing character: There is no —Ç in font nullfont!
Missing character: There is no —ã in font nullfont!
Missing character: There is no –º in font nullfont!
Missing character: There is no –∏ in font nullfont!
Missing character: There is no –∫ in font nullfont!
Missing character: There is no –ª in font nullfont!
Missing character: There is no –∞ in font nullfont!
Missing character: There is no —Å in font nullfont!
Missing character: There is no —Å in font nullfont!
Missing character: There is no –∞ in font nullfont!
Missing character: There is no –º in font nullfont!
Missing character: There is no –∏ in font nullfont!
Missing character: There is no . in font nullfont!
Missing character: There is no –ü in font nullfont!
Missing character: There is no —É in font nullfont!
Missing character: There is no —Å in font nullfont!
Missing character: There is no —Ç in font nullfont!
Missing character: There is no —å in font nullfont!
Missing character: There is no R in font nullfont!
Missing character: There is no - in font nullfont!
Missing character: There is no - in font nullfont!
Missing character: There is no - in font nullfont!
Missing character: There is no –Ω in font nullfont!
Missing character: There is no –µ in font nullfont!
Missing character: There is no –∫ in font nullfont!
Missing character: There is no –æ in font nullfont!
Missing character: There is no —Ç in font nullfont!
Missing character: There is no –æ in font nullfont!
Missing character: There is no —Ä in font nullfont!
Missing character: There is no –æ in font nullfont!
Missing character: There is no –µ in font nullfont!
Missing character: There is no –ø in font nullfont!
Missing character: There is no –æ in font nullfont!
Missing character: There is no –¥ in font nullfont!
Missing character: There is no –º in font nullfont!
Missing character: There is no –Ω in font nullfont!
Missing character: There is no –æ in font nullfont!
Missing character: There is no –∂ in font nullfont!
Missing character: There is no –µ in font nullfont!
Missing character: There is no —Å in font nullfont!
Missing character: There is no —Ç in font nullfont!
Missing character: There is no –≤ in font nullfont!
Missing character: There is no –æ in font nullfont!
Missing character: There is no P in font nullfont!
Missing character: There is no A in font nullfont!
Missing character: There is no . in font nullfont!
Missing character: There is no –ó in font nullfont!
Missing character: There is no –∞ in font nullfont!
Missing character: There is no –º in font nullfont!
Missing character: There is no —ã in font nullfont!
Missing character: There is no –∫ in font nullfont!
Missing character: There is no –∞ in font nullfont!
Missing character: There is no –Ω in font nullfont!
Missing character: There is no –∏ in font nullfont!
Missing character: There is no –µ in font nullfont!
Missing character: There is no –º in font nullfont!
Missing character: There is no [ in font nullfont!
Missing character: There is no R in font nullfont!
Missing character: There is no ] in font nullfont!
Missing character: There is no –º in font nullfont!
Missing character: There is no –Ω in font nullfont!
Missing character: There is no –æ in font nullfont!
Missing character: There is no –∂ in font nullfont!
Missing character: There is no –µ in font nullfont!
Missing character: There is no —Å in font nullfont!
Missing character: There is no —Ç in font nullfont!
Missing character: There is no –≤ in font nullfont!
Missing character: There is no –∞ in font nullfont!
Missing character: There is no R in font nullfont!
Missing character: There is no –Ω in font nullfont!
Missing character: There is no –∞ in font nullfont!
Missing character: There is no –∑ in font nullfont!
Missing character: There is no —ã in font nullfont!
Missing character: There is no –≤ in font nullfont!
Missing character: There is no –∞ in font nullfont!
Missing character: There is no –µ in font nullfont!
Missing character: There is no —Ç in font nullfont!
Missing character: There is no —Å in font nullfont!
Missing character: There is no —è in font nullfont!
Missing character: There is no –º in font nullfont!
Missing character: There is no –∏ in font nullfont!
Missing character: There is no –Ω in font nullfont!
Missing character: There is no –∏ in font nullfont!
Missing character: There is no –º in font nullfont!
Missing character: There is no –∞ in font nullfont!
Missing character: There is no –ª in font nullfont!
Missing character: There is no —å in font nullfont!
Missing character: There is no –Ω in font nullfont!
Missing character: There is no –∞ in font nullfont!
Missing character: There is no —è in font nullfont!
Missing character: There is no –ø in font nullfont!
Missing character: There is no –æ in font nullfont!
Missing character: There is no –¥ in font nullfont!
Missing character: There is no –∞ in font nullfont!
Missing character: There is no –ª in font nullfont!
Missing character: There is no –≥ in font nullfont!
Missing character: There is no –µ in font nullfont!
Missing character: There is no –± in font nullfont!
Missing character: There is no —Ä in font nullfont!
Missing character: There is no –∞ in font nullfont!
Missing character: There is no P in font nullfont!
Missing character: There is no A in font nullfont!
Missing character: There is no , in font nullfont!
Missing character: There is no —Å in font nullfont!
Missing character: There is no –æ in font nullfont!
Missing character: There is no –¥ in font nullfont!
Missing character: There is no –µ in font nullfont!
Missing character: There is no —Ä in font nullfont!
Missing character: There is no –∂ in font nullfont!
Missing character: There is no –∞ in font nullfont!
Missing character: There is no —â in font nullfont!
Missing character: There is no –∞ in font nullfont!
Missing character: There is no —è in font nullfont!
Missing character: There is no R in font nullfont!
Missing character: There is no . in font nullfont!
Missing character: There is no –ò in font nullfont!
Missing character: There is no –Ω in font nullfont!
Missing character: There is no —ã in font nullfont!
Missing character: There is no –º in font nullfont!
Missing character: There is no –∏ in font nullfont!
Missing character: There is no —Å in font nullfont!
Missing character: There is no –ª in font nullfont!
Missing character: There is no –æ in font nullfont!
Missing character: There is no –≤ in font nullfont!
Missing character: There is no –∞ in font nullfont!
Missing character: There is no –º in font nullfont!
Missing character: There is no –∏ in font nullfont!
Missing character: There is no , in font nullfont!
Missing character: There is no –∑ in font nullfont!
Missing character: There is no –∞ in font nullfont!
Missing character: There is no –º in font nullfont!
Missing character: There is no —ã in font nullfont!
Missing character: There is no –∫ in font nullfont!
Missing character: There is no –∞ in font nullfont!
Missing character: There is no –Ω in font nullfont!
Missing character: There is no –∏ in font nullfont!
Missing character: There is no –µ in font nullfont!
Missing character: There is no —Å in font nullfont!
Missing character: There is no –æ in font nullfont!
Missing character: There is no —Å in font nullfont!
Missing character: There is no —Ç in font nullfont!
Missing character: There is no –æ in font nullfont!
Missing character: There is no –∏ in font nullfont!
Missing character: There is no —Ç in font nullfont!
Missing character: There is no –∏ in font nullfont!
Missing character: There is no –∑ in font nullfont!
Missing character: There is no –≤ in font nullfont!
Missing character: There is no —Å in font nullfont!
Missing character: There is no –µ in font nullfont!
Missing character: There is no —Ö in font nullfont!
Missing character: There is no —Ñ in font nullfont!
Missing character: There is no —É in font nullfont!
Missing character: There is no –Ω in font nullfont!
Missing character: There is no –∫ in font nullfont!
Missing character: There is no —Ü in font nullfont!
Missing character: There is no –∏ in font nullfont!
Missing character: There is no –π in font nullfont!
Missing character: There is no , in font nullfont!
Missing character: There is no –∫ in font nullfont!
Missing character: There is no –æ in font nullfont!
Missing character: There is no —Ç in font nullfont!
Missing character: There is no –æ in font nullfont!
Missing character: There is no —Ä in font nullfont!
Missing character: There is no —ã in font nullfont!
Missing character: There is no –µ in font nullfont!
Missing character: There is no —è in font nullfont!
Missing character: There is no –≤ in font nullfont!
Missing character: There is no –ª in font nullfont!
Missing character: There is no —è in font nullfont!
Missing character: There is no —é in font nullfont!
Missing character: There is no —Ç in font nullfont!
Missing character: There is no —Å in font nullfont!
Missing character: There is no —è in font nullfont!
Missing character: There is no —Å in font nullfont!
Missing character: There is no —É in font nullfont!
Missing character: There is no –ø in font nullfont!
Missing character: There is no –µ in font nullfont!
Missing character: There is no —Ä in font nullfont!
Missing character: There is no –ø in font nullfont!
Missing character: There is no –æ in font nullfont!
Missing character: There is no –∑ in font nullfont!
Missing character: There is no –∏ in font nullfont!
Missing character: There is no —Ü in font nullfont!
Missing character: There is no –∏ in font nullfont!
Missing character: There is no —è in font nullfont!
Missing character: There is no –º in font nullfont!
Missing character: There is no –∏ in font nullfont!
Missing character: There is no R in font nullfont!
Missing character: There is no . in font nullfont!
Missing character: There is no –û in font nullfont!
Missing character: There is no —á in font nullfont!
Missing character: There is no –µ in font nullfont!
Missing character: There is no –≤ in font nullfont!
Missing character: There is no –∏ in font nullfont!
Missing character: There is no –¥ in font nullfont!
Missing character: There is no –Ω in font nullfont!
Missing character: There is no –æ in font nullfont!
Missing character: There is no , in font nullfont!
Missing character: There is no —á in font nullfont!
Missing character: There is no —Ç in font nullfont!
Missing character: There is no –æ in font nullfont!
Missing character: There is no R in font nullfont!
Missing character: There is no –± in font nullfont!
Missing character: There is no —É in font nullfont!
Missing character: There is no –¥ in font nullfont!
Missing character: There is no –µ in font nullfont!
Missing character: There is no —Ç in font nullfont!
Missing character: There is no —Ñ in font nullfont!
Missing character: There is no —É in font nullfont!
Missing character: There is no –Ω in font nullfont!
Missing character: There is no –∫ in font nullfont!
Missing character: There is no —Ü in font nullfont!
Missing character: There is no –∏ in font nullfont!
Missing character: There is no –æ in font nullfont!
Missing character: There is no –Ω in font nullfont!
Missing character: There is no –∞ in font nullfont!
Missing character: There is no –ª in font nullfont!
Missing character: There is no —å in font nullfont!
Missing character: There is no –Ω in font nullfont!
Missing character: There is no –æ in font nullfont!
Missing character: There is no –ø in font nullfont!
Missing character: There is no –æ in font nullfont!
Missing character: There is no –ª in font nullfont!
Missing character: There is no –Ω in font nullfont!
Missing character: There is no –æ in font nullfont!
Missing character: There is no —Ç in font nullfont!
Missing character: There is no –æ in font nullfont!
Missing character: There is no –≥ in font nullfont!
Missing character: There is no –¥ in font nullfont!
Missing character: There is no –∞ in font nullfont!
Missing character: There is no –∏ in font nullfont!
Missing character: There is no —Ç in font nullfont!
Missing character: There is no –æ in font nullfont!
Missing character: There is no –ª in font nullfont!
Missing character: There is no —å in font nullfont!
Missing character: There is no –∫ in font nullfont!
Missing character: There is no –æ in font nullfont!
Missing character: There is no —Ç in font nullfont!
Missing character: There is no –æ in font nullfont!
Missing character: There is no –≥ in font nullfont!
Missing character: There is no –¥ in font nullfont!
Missing character: There is no –∞ in font nullfont!
Missing character: There is no , in font nullfont!
Missing character: There is no –∫ in font nullfont!
Missing character: There is no –æ in font nullfont!
Missing character: There is no –≥ in font nullfont!
Missing character: There is no –¥ in font nullfont!
Missing character: There is no –∞ in font nullfont!
Missing character: There is no [ in font nullfont!
Missing character: There is no R in font nullfont!
Missing character: There is no ] in font nullfont!
Missing character: There is no = in font nullfont!
Missing character: There is no P in font nullfont!
Missing character: There is no A in font nullfont!
Missing character: There is no . in font nullfont!
Missing character: There is no –¢ in font nullfont!
Missing character: There is no –∞ in font nullfont!
Missing character: There is no –∫ in font nullfont!
Missing character: There is no –∏ in font nullfont!
Missing character: There is no –º in font nullfont!
Missing character: There is no –æ in font nullfont!
Missing character: There is no –± in font nullfont!
Missing character: There is no —Ä in font nullfont!
Missing character: There is no –∞ in font nullfont!
Missing character: There is no –∑ in font nullfont!
Missing character: There is no –æ in font nullfont!
Missing character: There is no –º in font nullfont!
Missing character: There is no , in font nullfont!
Missing character: There is no –≤ in font nullfont!
Missing character: There is no –æ in font nullfont!
Missing character: There is no –ø in font nullfont!
Missing character: There is no —Ä in font nullfont!
Missing character: There is no –æ in font nullfont!
Missing character: There is no —Å in font nullfont!
Missing character: There is no , in font nullfont!
Missing character: There is no –± in font nullfont!
Missing character: There is no —É in font nullfont!
Missing character: There is no –¥ in font nullfont!
Missing character: There is no –µ in font nullfont!
Missing character: There is no —Ç in font nullfont!
Missing character: There is no –ª in font nullfont!
Missing character: There is no –∏ in font nullfont!
Missing character: There is no –¥ in font nullfont!
Missing character: There is no –∞ in font nullfont!
Missing character: There is no –Ω in font nullfont!
Missing character: There is no –Ω in font nullfont!
Missing character: There is no —ã in font nullfont!
Missing character: There is no –π in font nullfont!
Missing character: There is no –∫ in font nullfont!
Missing character: There is no –ª in font nullfont!
Missing character: There is no –∞ in font nullfont!
Missing character: There is no —Å in font nullfont!
Missing character: There is no —Å in font nullfont!
Missing character: There is no —Ñ in font nullfont!
Missing character: There is no —É in font nullfont!
Missing character: There is no –Ω in font nullfont!
Missing character: There is no –∫ in font nullfont!
Missing character: There is no —Ü in font nullfont!
Missing character: There is no –∏ in font nullfont!
Missing character: There is no –æ in font nullfont!
Missing character: There is no –Ω in font nullfont!
Missing character: There is no –∞ in font nullfont!
Missing character: There is no –ª in font nullfont!
Missing character: There is no —å in font nullfont!
Missing character: There is no –Ω in font nullfont!
Missing character: There is no –æ in font nullfont!
Missing character: There is no –ø in font nullfont!
Missing character: There is no –æ in font nullfont!
Missing character: There is no –ª in font nullfont!
Missing character: There is no –æ in font nullfont!
Missing character: There is no –Ω in font nullfont!
Missing character: There is no , in font nullfont!
Missing character: There is no —Å in font nullfont!
Missing character: There is no –≤ in font nullfont!
Missing character: There is no –æ in font nullfont!
Missing character: There is no –¥ in font nullfont!
Missing character: There is no –∏ in font nullfont!
Missing character: There is no —Ç in font nullfont!
Missing character: There is no —Å in font nullfont!
Missing character: There is no —è in font nullfont!
Missing character: There is no –∫ in font nullfont!
Missing character: There is no –ø in font nullfont!
Missing character: There is no —Ä in font nullfont!
Missing character: There is no –æ in font nullfont!
Missing character: There is no –≤ in font nullfont!
Missing character: There is no –µ in font nullfont!
Missing character: There is no —Ä in font nullfont!
Missing character: There is no –∫ in font nullfont!
Missing character: There is no –µ in font nullfont!
Missing character: There is no —Ç in font nullfont!
Missing character: There is no –æ in font nullfont!
Missing character: There is no –≥ in font nullfont!
Missing character: There is no –æ in font nullfont!
Missing character: There is no , in font nullfont!
Missing character: There is no —Å in font nullfont!
Missing character: There is no –æ in font nullfont!
Missing character: There is no –≤ in font nullfont!
Missing character: There is no –ø in font nullfont!
Missing character: There is no –∞ in font nullfont!
Missing character: There is no –¥ in font nullfont!
Missing character: There is no –∞ in font nullfont!
Missing character: There is no –µ in font nullfont!
Missing character: There is no —Ç in font nullfont!
Missing character: There is no –ª in font nullfont!
Missing character: There is no –∏ in font nullfont!
Missing character: There is no –µ in font nullfont!
Missing character: There is no –≥ in font nullfont!
Missing character: There is no –æ in font nullfont!
Missing character: There is no –∑ in font nullfont!
Missing character: There is no –∞ in font nullfont!
Missing character: There is no –º in font nullfont!
Missing character: There is no —ã in font nullfont!
Missing character: There is no –∫ in font nullfont!
Missing character: There is no –∞ in font nullfont!
Missing character: There is no –Ω in font nullfont!
Missing character: There is no –∏ in font nullfont!
Missing character: There is no –µ in font nullfont!
Missing character: There is no —Å in font nullfont!
Missing character: There is no P in font nullfont!
Missing character: There is no A in font nullfont!
Missing character: There is no . in font nullfont!

Overfull \hbox (20.0pt too wide) in paragraph at lines 3--18
[]
 []


Overfull \hbox (26.30786pt too wide) in paragraph at lines 3--18
\OML/cmm/m/it/10 B[] \OMS/cmsy/m/n/10 !
 []


Overfull \hbox (8.0868pt too wide) in paragraph at lines 3--18
\OML/cmm/m/it/10 B$
 []


Overfull \hbox (18.64232pt too wide) in paragraph at lines 3--18
\OML/cmm/m/it/10 B \OT1/cmr/m/n/10 =
 []


Overfull \hbox (14.44444pt too wide) in paragraph at lines 3--18
[]$
 []


! LaTeX Error: Missing \begin{document}.

See the LaTeX manual or LaTeX Companion for explanation.
Type  H <return>  for immediate help.
 ...                                              
                                                  
l.19 –û
       –ø–µ—Ä–∞—Ç–æ—Ä \[\_\] —è–≤–ª—è–µ—Ç—Å—è –æ–ø–µ—Ä–∞—Ç–æ—Ä–æ–º –∑–∞–º—ã–...
You're in trouble here.  Try typing  <return>  to proceed.
If that doesn't work, type  X <return>  to quit.

Missing character: There is no –û in font nullfont!
Missing character: There is no –ø in font nullfont!
Missing character: There is no –µ in font nullfont!
Missing character: There is no —Ä in font nullfont!
Missing character: There is no –∞ in font nullfont!
Missing character: There is no —Ç in font nullfont!
Missing character: There is no –æ in font nullfont!
Missing character: There is no —Ä in font nullfont!

Overfull \hbox (20.0pt too wide) in paragraph at lines 19--19
[] 
 []

Missing character: There is no —è in font nullfont!
Missing character: There is no –≤ in font nullfont!
Missing character: There is no –ª in font nullfont!
Missing character: There is no —è in font nullfont!
Missing character: There is no –µ in font nullfont!
Missing character: There is no —Ç in font nullfont!
Missing character: There is no —Å in font nullfont!
Missing character: There is no —è in font nullfont!
Missing character: There is no –æ in font nullfont!
Missing character: There is no –ø in font nullfont!
Missing character: There is no –µ in font nullfont!
Missing character: There is no —Ä in font nullfont!
Missing character: There is no –∞ in font nullfont!
Missing character: There is no —Ç in font nullfont!
Missing character: There is no –æ in font nullfont!
Missing character: There is no —Ä in font nullfont!
Missing character: There is no –æ in font nullfont!
Missing character: There is no –º in font nullfont!
Missing character: There is no –∑ in font nullfont!
Missing character: There is no –∞ in font nullfont!
Missing character: There is no –º in font nullfont!
Missing character: There is no —ã in font nullfont!
Missing character: There is no –∫ in font nullfont!
Missing character: There is no –∞ in font nullfont!
Missing character: There is no –Ω in font nullfont!
Missing character: There is no –∏ in font nullfont!
Missing character: There is no —è in font nullfont!
Missing character: There is no . in font nullfont!
Missing character: There is no –û in font nullfont!
Missing character: There is no –Ω in font nullfont!
Missing character: There is no –æ in font nullfont!
Missing character: There is no –± in font nullfont!
Missing character: There is no –ª in font nullfont!
Missing character: There is no –∞ in font nullfont!
Missing character: There is no –¥ in font nullfont!
Missing character: There is no –∞ in font nullfont!
Missing character: There is no –µ in font nullfont!
Missing character: There is no —Ç in font nullfont!
Missing character: There is no —Å in font nullfont!
Missing character: There is no –ª in font nullfont!
Missing character: There is no –µ in font nullfont!
Missing character: There is no –¥ in font nullfont!
Missing character: There is no —É in font nullfont!
Missing character: There is no —é in font nullfont!
Missing character: There is no —â in font nullfont!
Missing character: There is no –∏ in font nullfont!
Missing character: There is no –º in font nullfont!
Missing character: There is no –∏ in font nullfont!
Missing character: There is no —Å in font nullfont!
Missing character: There is no –≤ in font nullfont!
Missing character: There is no –æ in font nullfont!
Missing character: There is no –π in font nullfont!
Missing character: There is no —Å in font nullfont!
Missing character: There is no —Ç in font nullfont!
Missing character: There is no –≤ in font nullfont!
Missing character: There is no –∞ in font nullfont!
Missing character: There is no –º in font nullfont!
Missing character: There is no –∏ in font nullfont!
Missing character: There is no : in font nullfont!

! LaTeX Error: Missing \begin{document}.

See the LaTeX manual or LaTeX Companion for explanation.
Type  H <return>  for immediate help.
 ...                                              
                                                  
l.21 \begin{itemize}
                    
You're in trouble here.  Try typing  <return>  to proceed.
If that doesn't work, type  X <return>  to quit.


Overfull \hbox (20.0pt too wide) in paragraph at lines 21--21
[] 
 []


Overfull \hbox (18.22566pt too wide) in paragraph at lines 22--23
\OML/cmm/m/it/10 R \OMS/cmsy/m/n/10 ^^R
 []


Overfull \hbox (13.22572pt too wide) in paragraph at lines 22--23
\OT1/cmr/m/n/10 [\OML/cmm/m/it/10 R\OT1/cmr/m/n/10 ]$ 
 []


Overfull \hbox (22.63454pt too wide) in paragraph at lines 23--24
\OML/cmm/m/it/10 R[] \OMS/cmsy/m/n/10 ^^R
 []


Overfull \hbox (24.85675pt too wide) in paragraph at lines 23--24
\OML/cmm/m/it/10 R[] \OMS/cmsy/m/n/10 )
 []


Overfull \hbox (28.19011pt too wide) in paragraph at lines 23--24
\OT1/cmr/m/n/10 [\OML/cmm/m/it/10 R[]\OT1/cmr/m/n/10 ] \OMS/cmsy/m/n/10 ^^R
 []


Overfull \hbox (17.6346pt too wide) in paragraph at lines 23--24
\OT1/cmr/m/n/10 [\OML/cmm/m/it/10 R[]\OT1/cmr/m/n/10 ]$ 
 []


Overfull \hbox (29.3368pt too wide) in paragraph at lines 24--25
\OT1/cmr/m/n/10 [[\OML/cmm/m/it/10 R\OT1/cmr/m/n/10 ]] =
 []


Overfull \hbox (13.22572pt too wide) in paragraph at lines 24--25
\OT1/cmr/m/n/10 [\OML/cmm/m/it/10 R\OT1/cmr/m/n/10 ]$ 
 []

Missing character: There is no –† in font nullfont!
Missing character: There is no –∞ in font nullfont!
Missing character: There is no —Å in font nullfont!
Missing character: There is no —Å in font nullfont!
Missing character: There is no –º in font nullfont!
Missing character: There is no –æ in font nullfont!
Missing character: There is no —Ç in font nullfont!
Missing character: There is no —Ä in font nullfont!
Missing character: There is no –∏ in font nullfont!
Missing character: There is no —Å in font nullfont!
Missing character: There is no –≤ in font nullfont!
Missing character: There is no –æ in font nullfont!
Missing character: There is no –π in font nullfont!
Missing character: There is no —Å in font nullfont!
Missing character: There is no —Ç in font nullfont!
Missing character: There is no –≤ in font nullfont!
Missing character: There is no –∞ in font nullfont!
Missing character: There is no –± in font nullfont!
Missing character: There is no —É in font nullfont!
Missing character: There is no –ª in font nullfont!
Missing character: There is no –µ in font nullfont!
Missing character: There is no –≤ in font nullfont!
Missing character: There is no —ã in font nullfont!
Missing character: There is no —Ö in font nullfont!
Missing character: There is no —Ñ in font nullfont!
Missing character: There is no —É in font nullfont!
Missing character: There is no –Ω in font nullfont!
Missing character: There is no –∫ in font nullfont!
Missing character: There is no —Ü in font nullfont!
Missing character: There is no –∏ in font nullfont!
Missing character: There is no –π in font nullfont!
Missing character: There is no . in font nullfont!
Missing character: There is no –° in font nullfont!
Missing character: There is no –≤ in font nullfont!
Missing character: There is no –æ in font nullfont!
Missing character: There is no –π in font nullfont!
Missing character: There is no —Å in font nullfont!
Missing character: There is no —Ç in font nullfont!
Missing character: There is no –≤ in font nullfont!
Missing character: There is no –æ in font nullfont!
Missing character: There is no 1 in font nullfont!
Missing character: There is no : in font nullfont!
Missing character: There is no –ë in font nullfont!
Missing character: There is no —É in font nullfont!
Missing character: There is no –ª in font nullfont!
Missing character: There is no –µ in font nullfont!
Missing character: There is no –≤ in font nullfont!
Missing character: There is no –∞ in font nullfont!
Missing character: There is no —Ñ in font nullfont!
Missing character: There is no —É in font nullfont!
Missing character: There is no –Ω in font nullfont!
Missing character: There is no –∫ in font nullfont!
Missing character: There is no —Ü in font nullfont!
Missing character: There is no –∏ in font nullfont!
Missing character: There is no —è in font nullfont!
Missing character: There is no —Å in font nullfont!
Missing character: There is no –æ in font nullfont!
Missing character: There is no —Ö in font nullfont!
Missing character: There is no —Ä in font nullfont!
Missing character: There is no –∞ in font nullfont!
Missing character: There is no –Ω in font nullfont!
Missing character: There is no —è in font nullfont!
Missing character: There is no –µ in font nullfont!
Missing character: There is no —Ç in font nullfont!
Missing character: There is no –Ω in font nullfont!
Missing character: There is no –æ in font nullfont!
Missing character: There is no –ª in font nullfont!
Missing character: There is no —å in font nullfont!
Missing character: There is no , in font nullfont!
Missing character: There is no –µ in font nullfont!
Missing character: There is no —Å in font nullfont!
Missing character: There is no –ª in font nullfont!
Missing character: There is no –∏ in font nullfont!
)
! Emergency stop.
<*> ./thesis-template-chapter2.tex
                                  
*** (job aborted, no legal \end found)

 
Here is how much of TeX's memory you used:
 10 strings out of 427834
 193 string characters out of 3152469
 61877 words of memory out of 3000000
 4069 multiletter control sequences out of 15000+200000
 3640 words of font info for 14 fonts, out of 3000000 for 9000
 1328 hyphenation exceptions out of 8191
 18i,3n,12p,131b,61s stack positions out of 5000i,500n,10000p,200000b,50000s
No pages of output.
